npm verb cli /Users/adityaroshan/.nvm/versions/node/v18.16.1/bin/node /Users/adityaroshan/.nvm/versions/node/v18.16.1/bin/npm
npm info using npm@9.5.1
npm info using node@v18.16.1
npm verb title npm install
npm verb argv "install" "--legacy-peer-deps" "--loglevel" "verbose"
npm verb logfile logs-max:10 dir:/Users/adityaroshan/.npm/_logs/2023-07-14T12_04_29_571Z-
npm verb logfile /Users/adityaroshan/.npm/_logs/2023-07-14T12_04_29_571Z-debug-0.log
npm http fetch GET 200 https://registry.npmjs.org/browserstack-cypress-cli 1012ms (cache revalidated)
npm http fetch GET 200 https://registry.npmjs.org/npm-run-all 105ms (cache revalidated)
npm http fetch GET 200 https://registry.npmjs.org/serve 103ms (cache revalidated)
npm http fetch GET 200 https://registry.npmjs.org/@bahmutov%2fprint-env 2059ms (cache revalidated)
npm http fetch GET 200 https://registry.npmjs.org/colon-names 946ms (cache revalidated)
npm http fetch GET 200 https://registry.npmjs.org/cypress 92ms (cache revalidated)
npm http fetch GET 200 https://registry.npmjs.org/eslint 28ms (cache revalidated)
npm http fetch GET 200 https://registry.npmjs.org/eslint-plugin-cypress 945ms (cache revalidated)
npm http fetch GET 200 https://registry.npmjs.org/eslint-plugin-json-format 949ms (cache revalidated)
npm http fetch GET 200 https://registry.npmjs.org/eslint-plugin-mocha 953ms (cache revalidated)
npm http fetch GET 200 https://registry.npmjs.org/execa 33ms (cache revalidated)
npm http fetch GET 200 https://registry.npmjs.org/globby 30ms (cache revalidated)
npm http fetch GET 200 https://registry.npmjs.org/husky 961ms (cache revalidated)
npm http fetch GET 200 https://registry.npmjs.org/semantic-release 1013ms (cache revalidated)
npm http fetch GET 200 https://registry.npmjs.org/start-server-and-test 1081ms (cache revalidated)
npm http fetch GET 200 https://registry.npmjs.org/yaml-lint 955ms (cache revalidated)
npm http fetch GET 200 https://registry.npmjs.org/glob 202ms (cache revalidated)
npm http fetch GET 200 https://registry.npmjs.org/fs-extra 207ms (cache revalidated)
npm http fetch GET 200 https://registry.npmjs.org/chalk 216ms (cache revalidated)
npm http fetch GET 200 https://registry.npmjs.org/uuid 218ms (cache revalidated)
npm http fetch GET 200 https://registry.npmjs.org/mkdirp 221ms (cache revalidated)
npm http fetch GET 200 https://registry.npmjs.org/yargs 239ms (cache revalidated)
npm http fetch GET 200 https://registry.npmjs.org/async 276ms (cache revalidated)
npm http fetch GET 200 https://registry.npmjs.org/request 270ms (cache revalidated)
npm http fetch GET 200 https://registry.npmjs.org/archiver 280ms (cache revalidated)
npm http fetch GET 200 https://registry.npmjs.org/winston 292ms (cache revalidated)
npm http fetch GET 200 https://registry.npmjs.org/decompress 331ms (cache revalidated)
npm http fetch GET 200 https://registry.npmjs.org/@cypress%2frequest 565ms (cache revalidated)
npm http fetch GET 200 https://registry.npmjs.org/chalk 587ms (cache revalidated)
npm http fetch GET 200 https://registry.npmjs.org/@types%2fsizzle 769ms (cache revalidated)
npm http fetch GET 200 https://registry.npmjs.org/buffer 794ms (cache revalidated)
npm http fetch GET 200 https://registry.npmjs.org/cachedir 888ms (cache revalidated)
npm http fetch GET 200 https://registry.npmjs.org/commander 912ms (cache revalidated)
npm http fetch GET 200 https://registry.npmjs.org/@types%2fnode 956ms (cache revalidated)
npm http fetch GET 200 https://registry.npmjs.org/cli-progress 1074ms (cache revalidated)
npm http fetch GET 200 https://registry.npmjs.org/cli-cursor 1088ms (cache revalidated)
npm http fetch GET 200 https://registry.npmjs.org/git-last-commit 1139ms (cache revalidated)
npm http fetch GET 200 https://registry.npmjs.org/browserstack-local 1142ms (cache revalidated)
npm http fetch GET 200 https://registry.npmjs.org/requestretry 1137ms (cache revalidated)
npm http fetch GET 200 https://registry.npmjs.org/table 1137ms (cache revalidated)
npm http fetch GET 200 https://registry.npmjs.org/gitconfiglocal 1143ms (cache revalidated)
npm http fetch GET 200 https://registry.npmjs.org/git-repo-info 1144ms (cache revalidated)
npm http fetch GET 200 https://registry.npmjs.org/mocha 1146ms (cache revalidated)
npm http fetch GET 200 https://registry.npmjs.org/debug 1155ms (cache revalidated)
npm http fetch GET 200 https://registry.npmjs.org/lazy-ass 1199ms (cache revalidated)
npm http fetch GET 200 https://registry.npmjs.org/extract-zip 1198ms (cache revalidated)
npm http fetch GET 200 https://registry.npmjs.org/check-more-types 1213ms (cache revalidated)
npm http fetch GET 200 https://registry.npmjs.org/blob-util 1213ms (cache revalidated)
npm http fetch GET 200 https://registry.npmjs.org/common-tags 1209ms (cache revalidated)
npm http fetch GET 200 https://registry.npmjs.org/fs-extra 1212ms (cache revalidated)
npm http fetch GET 200 https://registry.npmjs.org/eventemitter2 1217ms (cache revalidated)
npm http fetch GET 200 https://registry.npmjs.org/getmac 1236ms (cache revalidated)
npm http fetch GET 200 https://registry.npmjs.org/arch 1227ms (cache revalidated)
npm http fetch GET 200 https://registry.npmjs.org/minimist 1227ms (cache revalidated)
npm http fetch GET 200 https://registry.npmjs.org/lazy-ass 1242ms (cache revalidated)
npm http fetch GET 200 https://registry.npmjs.org/pretty-bytes 1241ms (cache revalidated)
npm http fetch GET 200 https://registry.npmjs.org/executable 1247ms (cache revalidated)
npm http fetch GET 200 https://registry.npmjs.org/log-symbols 1247ms (cache revalidated)
npm http fetch GET 200 https://registry.npmjs.org/node-ipc 1274ms (cache revalidated)
npm http fetch GET 200 https://registry.npmjs.org/tmp 1259ms (cache revalidated)
npm http fetch GET 200 https://registry.npmjs.org/semver 1263ms (cache revalidated)
npm http fetch GET 200 https://registry.npmjs.org/figures 1270ms (cache revalidated)
npm http fetch GET 200 https://registry.npmjs.org/supports-color 1276ms (cache revalidated)
npm http fetch GET 200 https://registry.npmjs.org/ajv 1278ms (cache revalidated)
npm http fetch GET 200 https://registry.npmjs.org/ospath 1296ms (cache revalidated)
npm http fetch GET 200 https://registry.npmjs.org/is-installed-globally 1299ms (cache revalidated)
npm http fetch GET 200 https://registry.npmjs.org/getos 1299ms (cache revalidated)
npm http fetch GET 200 https://registry.npmjs.org/listr2 1299ms (cache revalidated)
npm http fetch GET 200 https://registry.npmjs.org/@eslint-community%2fregexpp 1305ms (cache revalidated)
npm http fetch GET 200 https://registry.npmjs.org/chalk 1306ms (cache revalidated)
npm http fetch GET 200 https://registry.npmjs.org/request-progress 1319ms (cache revalidated)
npm http fetch GET 200 https://registry.npmjs.org/debug 1312ms (cache revalidated)
npm http fetch GET 200 https://registry.npmjs.org/untildify 1324ms (cache revalidated)
npm http fetch GET 200 https://registry.npmjs.org/@eslint%2feslintrc 1325ms (cache revalidated)
npm http fetch GET 200 https://registry.npmjs.org/@humanwhocodes%2fconfig-array 1324ms (cache revalidated)
npm http fetch GET 200 https://registry.npmjs.org/eslint-scope 1323ms (cache revalidated)
npm http fetch GET 200 https://registry.npmjs.org/cross-spawn 1335ms (cache revalidated)
npm http fetch GET 200 https://registry.npmjs.org/@nodelib%2ffs.walk 1340ms (cache revalidated)
npm http fetch GET 200 https://registry.npmjs.org/globals 1336ms (cache revalidated)
npm http fetch GET 200 https://registry.npmjs.org/eslint-visitor-keys 1339ms (cache revalidated)
npm http fetch GET 200 https://registry.npmjs.org/@humanwhocodes%2fmodule-importer 1345ms (cache revalidated)
npm http fetch GET 200 https://registry.npmjs.org/yauzl 1351ms (cache revalidated)
npm http fetch GET 200 https://registry.npmjs.org/doctrine 1349ms (cache revalidated)
npm http fetch GET 200 https://registry.npmjs.org/esquery 1353ms (cache revalidated)
npm http fetch GET 200 https://registry.npmjs.org/find-up 1357ms (cache revalidated)
npm http fetch GET 200 https://registry.npmjs.org/esutils 1362ms (cache revalidated)
npm http fetch GET 200 https://registry.npmjs.org/graphemer 1360ms (cache revalidated)
npm http fetch GET 200 https://registry.npmjs.org/glob-parent 1365ms (cache revalidated)
npm http fetch GET 200 https://registry.npmjs.org/is-ci 1385ms (cache revalidated)
npm http fetch GET 200 https://registry.npmjs.org/fast-deep-equal 1368ms (cache revalidated)
npm http fetch GET 200 https://registry.npmjs.org/@eslint-community%2feslint-utils 1382ms (cache revalidated)
npm http fetch GET 200 https://registry.npmjs.org/espree 1380ms (cache revalidated)
npm http fetch GET 200 https://registry.npmjs.org/imurmurhash 1381ms (cache revalidated)
npm http fetch GET 200 https://registry.npmjs.org/levn 1381ms (cache revalidated)
npm http fetch GET 200 https://registry.npmjs.org/ignore 1388ms (cache revalidated)
npm http fetch GET 200 https://registry.npmjs.org/optionator 1384ms (cache revalidated)
npm http fetch GET 200 https://registry.npmjs.org/import-fresh 1395ms (cache revalidated)
npm http fetch GET 200 https://registry.npmjs.org/proxy-from-env 1416ms (cache revalidated)
npm http fetch GET 200 https://registry.npmjs.org/js-yaml 1398ms (cache revalidated)
npm http fetch GET 200 https://registry.npmjs.org/debug 1395ms (cache revalidated)
npm http fetch GET 200 https://registry.npmjs.org/json-stable-stringify-without-jsonify 1409ms (cache revalidated)
npm http fetch GET 200 https://registry.npmjs.org/is-path-inside 1409ms (cache revalidated)
npm http fetch GET 200 https://registry.npmjs.org/minimatch 1410ms (cache revalidated)
npm http fetch GET 200 https://registry.npmjs.org/@eslint%2fjs 1428ms (cache revalidated)
npm http fetch GET 200 https://registry.npmjs.org/escape-string-regexp 1423ms (cache revalidated)
npm http fetch GET 200 https://registry.npmjs.org/natural-compare 1414ms (cache revalidated)
npm http fetch GET 200 https://registry.npmjs.org/strip-ansi 1417ms (cache revalidated)
npm http fetch GET 200 https://registry.npmjs.org/file-entry-cache 1429ms (cache revalidated)
npm http fetch GET 200 https://registry.npmjs.org/cross-spawn 1423ms (cache revalidated)
npm http fetch GET 200 https://registry.npmjs.org/globals 1428ms (cache revalidated)
npm http fetch GET 200 https://registry.npmjs.org/update-notifier 1472ms (cache revalidated)
npm http fetch GET 200 https://registry.npmjs.org/lodash 1430ms (cache revalidated)
npm http fetch GET 200 https://registry.npmjs.org/minimatch 1433ms (cache revalidated)
npm http fetch GET 200 https://registry.npmjs.org/merge-stream 1432ms (cache revalidated)
npm http fetch GET 200 https://registry.npmjs.org/text-table 1442ms (cache revalidated)
npm http fetch GET 200 https://registry.npmjs.org/strip-json-comments 1449ms (cache revalidated)
npm http fetch GET 200 https://registry.npmjs.org/get-stream 1449ms (cache revalidated)
npm http fetch GET 200 https://registry.npmjs.org/is-stream 1455ms (cache revalidated)
npm http fetch GET 200 https://registry.npmjs.org/strip-final-newline 1458ms (cache revalidated)
npm http fetch GET 200 https://registry.npmjs.org/onetime 1471ms (cache revalidated)
npm http fetch GET 200 https://registry.npmjs.org/chalk 1480ms (cache revalidated)
npm http fetch GET 200 https://registry.npmjs.org/signal-exit 1495ms (cache revalidated)
npm http fetch GET 200 https://registry.npmjs.org/fast-glob 1504ms (cache revalidated)
npm http fetch GET 200 https://registry.npmjs.org/sort-package-json 1523ms (cache revalidated)
npm http fetch GET 200 https://registry.npmjs.org/eslint-utils 1523ms (cache revalidated)
npm http fetch GET 200 https://registry.npmjs.org/npm-run-path 1523ms (cache revalidated)
npm http fetch GET 200 https://registry.npmjs.org/line-column 1527ms (cache revalidated)
npm http fetch GET 200 https://registry.npmjs.org/cross-spawn 1523ms (cache revalidated)
npm http fetch GET 200 https://registry.npmjs.org/diff-match-patch 1531ms (cache revalidated)
npm http fetch GET 200 https://registry.npmjs.org/is-glob 1558ms (cache revalidated)
npm http fetch GET 200 https://registry.npmjs.org/slash 1546ms (cache revalidated)
npm http fetch GET 200 https://registry.npmjs.org/lodash.merge 1578ms (cache revalidated)
npm http fetch GET 200 https://registry.npmjs.org/array-union 1611ms (cache revalidated)
npm http fetch GET 200 https://registry.npmjs.org/p-finally 1689ms (cache revalidated)
npm http fetch GET 200 https://registry.npmjs.org/memorystream 1692ms (cache revalidated)
npm http fetch GET 200 https://registry.npmjs.org/json-fixer 1712ms (cache revalidated)
npm http fetch GET 200 https://registry.npmjs.org/cosmiconfig 1706ms (cache revalidated)
npm http fetch GET 200 https://registry.npmjs.org/aggregate-error 1723ms (cache revalidated)
npm http fetch GET 200 https://registry.npmjs.org/merge2 1734ms (cache revalidated)
npm http fetch GET 200 https://registry.npmjs.org/bluebird 1797ms (cache revalidated)
npm http fetch GET 200 https://registry.npmjs.org/figures 1752ms (cache revalidated)
npm http fetch GET 200 https://registry.npmjs.org/get-stream 1768ms (cache revalidated)
npm http fetch GET 200 https://registry.npmjs.org/@semantic-release%2fgithub 1839ms (cache revalidated)
npm http fetch GET 200 https://registry.npmjs.org/cli-table3 1894ms (cache revalidated)
npm http fetch GET 200 https://registry.npmjs.org/hosted-git-info 1871ms (cache revalidated)
npm http fetch GET 200 https://registry.npmjs.org/dir-glob 1906ms (cache revalidated)
npm http fetch GET 200 https://registry.npmjs.org/@semantic-release%2frelease-notes-generator 1915ms (cache revalidated)
npm http fetch GET 200 https://registry.npmjs.org/pidtree 1936ms (cache revalidated)
npm http fetch GET 200 https://registry.npmjs.org/@types%2fsinonjs__fake-timers 2006ms (cache revalidated)
npm http fetch GET 200 https://registry.npmjs.org/@semantic-release%2ferror 2010ms (cache revalidated)
npm http fetch GET 200 https://registry.npmjs.org/env-ci 2016ms (cache revalidated)
npm http fetch GET 200 https://registry.npmjs.org/enquirer 2069ms (cache revalidated)
npm http fetch GET 200 https://registry.npmjs.org/check-more-types 2076ms (cache revalidated)
npm http fetch GET 200 https://registry.npmjs.org/read-pkg 2046ms (cache revalidated)
npm http fetch GET 200 https://registry.npmjs.org/debug 2043ms (cache revalidated)
npm http fetch GET 200 https://registry.npmjs.org/resolve-from 2044ms (cache revalidated)
npm http fetch GET 200 https://registry.npmjs.org/yargs 2060ms (cache revalidated)
npm http fetch GET 200 https://registry.npmjs.org/lodash-es 2066ms (cache revalidated)
npm http fetch GET 200 https://registry.npmjs.org/ansi-styles 2097ms (cache revalidated)
npm http fetch GET 200 https://registry.npmjs.org/dayjs 2148ms (cache revalidated)
npm http fetch GET 200 https://registry.npmjs.org/marked 2105ms (cache revalidated)
npm http fetch GET 200 https://registry.npmjs.org/read-pkg-up 2117ms (cache revalidated)
npm http fetch GET 200 https://registry.npmjs.org/shell-quote 2166ms (cache revalidated)
npm http fetch GET 200 https://registry.npmjs.org/chalk-template 2165ms (cache revalidated)
npm http fetch GET 200 https://registry.npmjs.org/signale 2170ms (cache revalidated)
npm http fetch GET 200 https://registry.npmjs.org/semver-diff 2182ms (cache revalidated)
npm http fetch GET 200 https://registry.npmjs.org/arg 2177ms (cache revalidated)
npm http fetch GET 200 https://registry.npmjs.org/lodash 2250ms (cache revalidated)
npm http fetch GET 200 https://registry.npmjs.org/boxen 2202ms (cache revalidated)
npm http fetch GET 200 https://registry.npmjs.org/compression 2202ms (cache revalidated)
npm http fetch GET 200 https://registry.npmjs.org/windows-release 2283ms (cache revalidated)
npm http fetch GET 200 https://registry.npmjs.org/arg 2225ms (cache revalidated)
npm http fetch GET 200 https://registry.npmjs.org/debug 2224ms (cache revalidated)
npm http fetch GET 200 https://registry.npmjs.org/clipboardy 2239ms (cache revalidated)
npm http fetch GET 200 https://registry.npmjs.org/micromatch 2262ms (cache revalidated)
npm http fetch GET 200 https://registry.npmjs.org/find-versions 2266ms (cache revalidated)
npm http fetch GET 200 https://registry.npmjs.org/chalk 2281ms (cache revalidated)
npm http fetch GET 200 https://registry.npmjs.org/bluebird 2304ms (cache revalidated)
npm http fetch GET 200 https://registry.npmjs.org/serve-handler 2317ms (cache revalidated)
npm http fetch GET 200 https://registry.npmjs.org/ajv 2331ms (cache revalidated)
npm http fetch GET 200 https://registry.npmjs.org/update-check 2351ms (cache revalidated)
npm http fetch GET 200 https://registry.npmjs.org/rambda 2375ms (cache revalidated)
npm http fetch GET 200 https://registry.npmjs.org/@cypress%2fxvfb 2420ms (cache revalidated)
npm http fetch GET 200 https://registry.npmjs.org/is-port-reachable 2414ms (cache revalidated)
npm http fetch GET 200 https://registry.npmjs.org/string.prototype.padend 2464ms (cache revalidated)
npm http fetch GET 200 https://registry.npmjs.org/git-log-parser 2670ms (cache revalidated)
npm http fetch GET 200 https://registry.npmjs.org/@zeit%2fschemas 2713ms (cache revalidated)
npm http fetch GET 200 https://registry.npmjs.org/p-reduce 2816ms (cache revalidated)
npm http fetch GET 200 https://registry.npmjs.org/marked-terminal 2889ms (cache revalidated)
npm http fetch GET 200 https://registry.npmjs.org/p-each-series 3094ms (cache revalidated)
npm http fetch GET 200 https://registry.npmjs.org/hook-std 3155ms (cache revalidated)
npm http fetch GET 200 https://registry.npmjs.org/consola 3187ms (cache revalidated)
npm http fetch GET 200 https://registry.npmjs.org/nconf 3280ms (cache revalidated)
npm http fetch GET 200 https://registry.npmjs.org/wait-on 3283ms (cache revalidated)
npm http fetch GET 200 https://registry.npmjs.org/ps-tree 3309ms (cache revalidated)
npm http fetch GET 200 https://registry.npmjs.org/@semantic-release%2fcommit-analyzer 3563ms (cache revalidated)
npm http fetch GET 200 https://registry.npmjs.org/@semantic-release%2fnpm 3711ms (cache revalidated)
npm http fetch GET 200 https://registry.npmjs.org/https-proxy-agent 80ms (cache revalidated)
npm http fetch GET 200 https://registry.npmjs.org/agent-base 81ms (cache revalidated)
npm http fetch GET 200 https://registry.npmjs.org/readable-stream 87ms (cache revalidated)
npm http fetch GET 200 https://registry.npmjs.org/string-width 81ms (cache revalidated)
npm http fetch GET 200 https://registry.npmjs.org/universalify 79ms (cache revalidated)
npm http fetch GET 200 https://registry.npmjs.org/ini 79ms (cache revalidated)
npm http fetch GET 200 https://registry.npmjs.org/jsonfile 94ms (cache revalidated)
npm http fetch GET 200 https://registry.npmjs.org/inflight 97ms (cache revalidated)
npm http fetch GET 200 https://registry.npmjs.org/inherits 96ms (cache revalidated)
npm http fetch GET 200 https://registry.npmjs.org/chokidar 97ms (cache revalidated)
npm http fetch GET 200 https://registry.npmjs.org/fs.realpath 100ms (cache revalidated)
npm http fetch GET 200 https://registry.npmjs.org/ansi-colors 114ms (cache revalidated)
npm http fetch GET 200 https://registry.npmjs.org/path-is-absolute 119ms (cache revalidated)
npm http fetch GET 200 https://registry.npmjs.org/pify 124ms (cache revalidated)
npm http fetch GET 200 https://registry.npmjs.org/archiver-utils 150ms (cache revalidated)
npm http fetch GET 200 https://registry.npmjs.org/serialize-javascript 135ms (cache revalidated)
npm http fetch GET 200 https://registry.npmjs.org/zip-stream 150ms (cache revalidated)
npm http fetch GET 200 https://registry.npmjs.org/decompress-tar 145ms (cache revalidated)
npm http fetch GET 200 https://registry.npmjs.org/tar-stream 152ms (cache revalidated)
npm http fetch GET 200 https://registry.npmjs.org/once 147ms (cache revalidated)
npm http fetch GET 200 https://registry.npmjs.org/readdir-glob 160ms (cache revalidated)
npm http fetch GET 200 https://registry.npmjs.org/decompress-unzip 154ms (cache revalidated)
npm http fetch GET 200 https://registry.npmjs.org/graceful-fs 161ms (cache revalidated)
npm http fetch GET 200 https://registry.npmjs.org/make-dir 172ms (cache revalidated)
npm http fetch GET 200 https://registry.npmjs.org/strip-dirs 176ms (cache revalidated)
npm http fetch GET 200 https://registry.npmjs.org/diff 188ms (cache revalidated)
npm http fetch GET 200 https://registry.npmjs.org/yargs-parser 189ms (cache revalidated)
npm http fetch GET 200 https://registry.npmjs.org/caseless 209ms (cache revalidated)
npm http fetch GET 200 https://registry.npmjs.org/combined-stream 224ms (cache revalidated)
npm http fetch GET 200 https://registry.npmjs.org/he 229ms (cache revalidated)
npm http fetch GET 200 https://registry.npmjs.org/decompress-tarbz2 241ms (cache revalidated)
npm http fetch GET 200 https://registry.npmjs.org/har-validator 231ms (cache revalidated)
npm http fetch GET 200 https://registry.npmjs.org/forever-agent 243ms (cache revalidated)
npm http fetch GET 200 https://registry.npmjs.org/qs 260ms (cache revalidated)
npm http fetch GET 200 https://registry.npmjs.org/nanoid 288ms (cache revalidated)
npm http fetch GET 200 https://registry.npmjs.org/yargs-unparser 287ms (cache revalidated)
npm http fetch GET 200 https://registry.npmjs.org/json-stringify-safe 300ms (cache revalidated)
npm http fetch GET 200 https://registry.npmjs.org/extend 305ms (cache revalidated)
npm http fetch GET 200 https://registry.npmjs.org/form-data 312ms (cache revalidated)
npm http fetch GET 200 https://registry.npmjs.org/oauth-sign 312ms (cache revalidated)
npm http fetch GET 200 https://registry.npmjs.org/is-typedarray 314ms (cache revalidated)
npm http fetch GET 200 https://registry.npmjs.org/safe-buffer 321ms (cache revalidated)
npm http fetch GET 200 https://registry.npmjs.org/extend 336ms (cache revalidated)
npm http fetch GET 200 https://registry.npmjs.org/mime-types 334ms (cache revalidated)
npm http fetch GET 200 https://registry.npmjs.org/performance-now 377ms (cache revalidated)
npm http fetch GET 200 https://registry.npmjs.org/has-yarn 411ms (cache revalidated)
npm http fetch GET 200 https://registry.npmjs.org/aws4 426ms (cache revalidated)
npm http fetch GET 200 https://registry.npmjs.org/slice-ansi 422ms (cache revalidated)
npm http fetch GET 200 https://registry.npmjs.org/latest-version 421ms (cache revalidated)
npm http fetch GET 200 https://registry.npmjs.org/configstore 504ms (cache revalidated)
npm http fetch GET 200 https://registry.npmjs.org/import-lazy 507ms (cache revalidated)
npm http fetch GET 200 https://registry.npmjs.org/is-npm 515ms (cache revalidated)
npm http fetch GET 200 https://registry.npmjs.org/is-yarn-global 515ms (cache revalidated)
npm http fetch GET 200 https://registry.npmjs.org/string-width 531ms (cache revalidated)
npm http fetch GET 200 https://registry.npmjs.org/get-caller-file 546ms (cache revalidated)
npm http fetch GET 200 https://registry.npmjs.org/graceful-fs 595ms (cache revalidated)
npm http fetch GET 200 https://registry.npmjs.org/pupa 588ms (cache revalidated)
npm http fetch GET 200 https://registry.npmjs.org/cycle 604ms (cache revalidated)
npm http fetch GET 200 https://registry.npmjs.org/which-module 600ms (cache revalidated)
npm http fetch GET 200 https://registry.npmjs.org/require-directory 629ms (cache revalidated)
npm http fetch GET 200 https://registry.npmjs.org/cliui 655ms (cache revalidated)
npm http fetch GET 200 https://registry.npmjs.org/aws-sign2 684ms (cache revalidated)
npm http fetch GET 200 https://registry.npmjs.org/eyes 675ms (cache revalidated)
npm http fetch GET 200 https://registry.npmjs.org/xdg-basedir 687ms (cache revalidated)
npm http fetch GET 200 https://registry.npmjs.org/tunnel-agent 751ms (cache revalidated)
npm http fetch GET 200 https://registry.npmjs.org/colors 767ms (cache revalidated)
npm http fetch GET 200 https://registry.npmjs.org/decompress-targz 792ms (cache revalidated)
npm http fetch GET 200 https://registry.npmjs.org/stack-trace 780ms (cache revalidated)
npm http fetch GET 200 https://registry.npmjs.org/ms 822ms (cache revalidated)
npm http fetch GET 200 https://registry.npmjs.org/yargs-parser 807ms (cache revalidated)
npm http fetch GET 200 https://registry.npmjs.org/tough-cookie 836ms (cache revalidated)
npm http fetch GET 200 https://registry.npmjs.org/set-blocking 829ms (cache revalidated)
npm http fetch GET 200 https://registry.npmjs.org/require-main-filename 842ms (cache revalidated)
npm http fetch GET 200 https://registry.npmjs.org/y18n 850ms (cache revalidated)
npm http fetch GET 200 https://registry.npmjs.org/decamelize 862ms (cache revalidated)
npm http fetch GET 200 https://registry.npmjs.org/buffer-crc32 982ms (cache revalidated)
npm http fetch GET 200 https://registry.npmjs.org/is-running 984ms (cache revalidated)
npm http fetch GET 200 https://registry.npmjs.org/temp-fs 1000ms (cache revalidated)
npm http fetch GET 200 https://registry.npmjs.org/browser-stdout 1024ms (cache revalidated)
npm http fetch GET 200 https://registry.npmjs.org/js-message 1080ms (cache revalidated)
npm http fetch GET 200 https://registry.npmjs.org/workerpool 1085ms (cache revalidated)
npm http fetch GET 200 https://registry.npmjs.org/http-signature 1108ms (cache revalidated)
npm http fetch GET 200 https://registry.npmjs.org/isstream 1179ms (cache revalidated)
npm http fetch GET 200 https://registry.npmjs.org/js-queue 1217ms (cache revalidated)
npm http fetch GET 200 https://registry.npmjs.org/event-pubsub 1237ms (cache revalidated)
npm http fetch GET 200 https://registry.npmjs.org/isstream 1310ms (cache revalidated)
npm http fetch GET 200 https://registry.npmjs.org/string_decoder 39ms (cache revalidated)
npm http fetch GET 200 https://registry.npmjs.org/bl 38ms (cache revalidated)
npm http fetch GET 200 https://registry.npmjs.org/util-deprecate 40ms (cache revalidated)
npm http fetch GET 200 https://registry.npmjs.org/normalize-path 41ms (cache revalidated)
npm http fetch GET 200 https://registry.npmjs.org/lazystream 105ms (cache revalidated)
npm http fetch GET 200 https://registry.npmjs.org/lodash.difference 107ms (cache revalidated)
npm http fetch GET 200 https://registry.npmjs.org/compress-commons 104ms (cache revalidated)
npm http fetch GET 200 https://registry.npmjs.org/lodash.union 111ms (cache revalidated)
npm http fetch GET 200 https://registry.npmjs.org/end-of-stream 109ms (cache revalidated)
npm http fetch GET 200 https://registry.npmjs.org/lodash.flatten 114ms (cache revalidated)
npm http fetch GET 200 https://registry.npmjs.org/lodash.defaults 120ms (cache revalidated)
npm http fetch GET 200 https://registry.npmjs.org/fs-constants 956ms (cache revalidated)
npm http fetch GET 200 https://registry.npmjs.org/lodash.isplainobject 991ms (cache revalidated)
npm http fetch GET 200 https://registry.npmjs.org/core-util-is 35ms (cache revalidated)
npm http fetch GET 200 https://registry.npmjs.org/isarray 37ms (cache revalidated)
npm http fetch GET 200 https://registry.npmjs.org/process-nextick-args 42ms (cache revalidated)
npm http fetch GET 200 https://registry.npmjs.org/rimraf 33ms (cache revalidated)
npm http fetch GET 200 https://registry.npmjs.org/event-stream 957ms (cache revalidated)
npm http fetch GET 200 https://registry.npmjs.org/has-flag 27ms (cache revalidated)
npm http fetch GET 200 https://registry.npmjs.org/color-convert 41ms (cache revalidated)
npm http fetch GET 200 https://registry.npmjs.org/color-name 29ms (cache revalidated)
npm http fetch GET 200 https://registry.npmjs.org/emoji-regex 26ms (cache revalidated)
npm http fetch GET 200 https://registry.npmjs.org/is-fullwidth-code-point 32ms (cache revalidated)
npm http fetch GET 200 https://registry.npmjs.org/p-map 34ms (cache revalidated)
npm http fetch GET 200 https://registry.npmjs.org/ieee754 39ms (cache revalidated)
npm http fetch GET 200 https://registry.npmjs.org/colorette 39ms (cache revalidated)
npm http fetch GET 200 https://registry.npmjs.org/human-signals 42ms (cache revalidated)
npm http fetch GET 200 https://registry.npmjs.org/restore-cursor 44ms (cache revalidated)
npm http fetch GET 200 https://registry.npmjs.org/rxjs 39ms (cache revalidated)
npm http fetch GET 200 https://registry.npmjs.org/base64-js 49ms (cache revalidated)
npm http fetch GET 200 https://registry.npmjs.org/wrap-ansi 52ms (cache revalidated)
npm http fetch GET 200 https://registry.npmjs.org/through 55ms (cache revalidated)
npm http fetch GET 200 https://registry.npmjs.org/lru-cache 58ms (cache revalidated)
npm http fetch GET 200 https://registry.npmjs.org/rfdc 61ms (cache revalidated)
npm http fetch GET 200 https://registry.npmjs.org/is-unicode-supported 62ms (cache revalidated)
npm http fetch GET 200 https://registry.npmjs.org/lodash.once 102ms (cache revalidated)
npm http fetch GET 200 https://registry.npmjs.org/global-dirs 98ms (cache revalidated)
npm http fetch GET 200 https://registry.npmjs.org/ci-info 100ms (cache revalidated)
npm http fetch GET 200 https://registry.npmjs.org/cli-truncate 105ms (cache revalidated)
npm http fetch GET 200 https://registry.npmjs.org/log-update 105ms (cache revalidated)
npm http fetch GET 200 https://registry.npmjs.org/at-least-node 109ms (cache revalidated)
npm http fetch GET 200 https://registry.npmjs.org/fd-slicer 144ms (cache revalidated)
npm http fetch GET 200 https://registry.npmjs.org/throttleit 146ms (cache revalidated)
npm http fetch GET 200 https://registry.npmjs.org/@types%2fyauzl 179ms (cache revalidated)
npm http fetch GET 200 https://registry.npmjs.org/@colors%2fcolors 387ms (cache revalidated)
npm http fetch GET 200 https://registry.npmjs.org/side-channel 33ms (cache revalidated)
npm http fetch GET 200 https://registry.npmjs.org/punycode 33ms (cache revalidated)
npm http fetch GET 200 https://registry.npmjs.org/mime-db 36ms (cache revalidated)
npm http fetch GET 200 https://registry.npmjs.org/asynckit 102ms (cache revalidated)
npm http fetch GET 200 https://registry.npmjs.org/delayed-stream 103ms (cache revalidated)
npm http fetch GET 200 https://registry.npmjs.org/jsprim 102ms (cache revalidated)
npm http fetch GET 200 https://registry.npmjs.org/assert-plus 104ms (cache revalidated)
npm http fetch GET 200 https://registry.npmjs.org/sshpk 108ms (cache revalidated)
npm http fetch GET 200 https://registry.npmjs.org/psl 115ms (cache revalidated)
npm http fetch GET 200 https://registry.npmjs.org/unbzip2-stream 95ms (cache revalidated)
npm http fetch GET 200 https://registry.npmjs.org/file-type 925ms (cache revalidated)
npm http fetch GET 200 https://registry.npmjs.org/file-type 933ms (cache revalidated)
npm http fetch GET 200 https://registry.npmjs.org/file-type 945ms (cache revalidated)
npm http fetch GET 200 https://registry.npmjs.org/seek-bzip 947ms (cache revalidated)
npm http fetch GET 200 https://registry.npmjs.org/is-natural-number 1002ms (cache revalidated)
npm http fetch GET 200 https://registry.npmjs.org/xtend 30ms (cache revalidated)
npm http fetch GET 200 https://registry.npmjs.org/to-buffer 102ms (cache revalidated)
npm http fetch GET 200 https://registry.npmjs.org/buffer-alloc 103ms (cache revalidated)
npm http fetch GET 200 https://registry.npmjs.org/object-assign 29ms (cache revalidated)
npm http fetch GET 200 https://registry.npmjs.org/pinkie-promise 99ms (cache revalidated)
npm http fetch GET 200 https://registry.npmjs.org/fast-json-stable-stringify 42ms (cache revalidated)
npm http fetch GET 200 https://registry.npmjs.org/estraverse 37ms (cache revalidated)
npm http fetch GET 200 https://registry.npmjs.org/fastq 42ms (cache revalidated)
npm http fetch GET 200 https://registry.npmjs.org/json-schema-traverse 47ms (cache revalidated)
npm http fetch GET 200 https://registry.npmjs.org/argparse 41ms (cache revalidated)
npm http fetch GET 200 https://registry.npmjs.org/acorn 43ms (cache revalidated)
npm http fetch GET 200 https://registry.npmjs.org/type-fest 43ms (cache revalidated)
npm http fetch GET 200 https://registry.npmjs.org/locate-path 44ms (cache revalidated)
npm http fetch GET 200 https://registry.npmjs.org/shebang-command 47ms (cache revalidated)
npm http fetch GET 200 https://registry.npmjs.org/esrecurse 47ms (cache revalidated)
npm http fetch GET 200 https://registry.npmjs.org/estraverse 51ms (cache revalidated)
npm http fetch GET 200 https://registry.npmjs.org/is-extglob 54ms (cache revalidated)
npm http fetch GET 200 https://registry.npmjs.org/parent-module 59ms (cache revalidated)
npm http fetch GET 200 https://registry.npmjs.org/which 63ms (cache revalidated)
npm http fetch GET 200 https://registry.npmjs.org/uri-js 65ms (cache revalidated)
npm http fetch GET 200 https://registry.npmjs.org/brace-expansion 61ms (cache revalidated)
npm http fetch GET 200 https://registry.npmjs.org/path-key 71ms (cache revalidated)
npm http fetch GET 200 https://registry.npmjs.org/path-exists 79ms (cache revalidated)
npm http fetch GET 200 https://registry.npmjs.org/ansi-regex 76ms (cache revalidated)
npm http fetch GET 200 https://registry.npmjs.org/acorn-jsx 106ms (cache revalidated)
npm http fetch GET 200 https://registry.npmjs.org/type-check 113ms (cache revalidated)
npm http fetch GET 200 https://registry.npmjs.org/flat-cache 129ms (cache revalidated)
npm http fetch GET 200 https://registry.npmjs.org/type-check 128ms (cache revalidated)
npm http fetch GET 200 https://registry.npmjs.org/prelude-ls 129ms (cache revalidated)
npm http fetch GET 200 https://registry.npmjs.org/fast-levenshtein 156ms (cache revalidated)
npm http fetch GET 200 https://registry.npmjs.org/deep-is 158ms (cache revalidated)
npm http fetch GET 200 https://registry.npmjs.org/@nodelib%2ffs.scandir 230ms (cache revalidated)
npm http fetch GET 200 https://registry.npmjs.org/@humanwhocodes%2fobject-schema 384ms (cache revalidated)
npm http fetch GET 200 https://registry.npmjs.org/@aashutoshrathi%2fword-wrap 554ms (cache revalidated)
npm http fetch GET 200 https://registry.npmjs.org/reusify 29ms (cache revalidated)
npm http fetch GET 200 https://registry.npmjs.org/run-parallel 31ms (cache revalidated)
npm http fetch GET 200 https://registry.npmjs.org/@nodelib%2ffs.stat 367ms (cache revalidated)
npm http fetch GET 200 https://registry.npmjs.org/queue-microtask 31ms (cache revalidated)
npm http fetch GET 200 https://registry.npmjs.org/isexe 25ms (cache revalidated)
npm http fetch GET 200 https://registry.npmjs.org/shebang-regex 32ms (cache revalidated)
npm http fetch GET 200 https://registry.npmjs.org/is-plain-obj 29ms (cache revalidated)
npm http fetch GET 200 https://registry.npmjs.org/isobject 32ms (cache revalidated)
npm http fetch GET 200 https://registry.npmjs.org/@babel%2fruntime 37ms (cache revalidated)
npm http fetch GET 200 https://registry.npmjs.org/detect-newline 93ms (cache revalidated)
npm http fetch GET 200 https://registry.npmjs.org/detect-indent 95ms (cache revalidated)
npm http fetch GET 200 https://registry.npmjs.org/git-hooks-list 937ms (cache revalidated)
npm http fetch GET 200 https://registry.npmjs.org/pegjs 945ms (cache revalidated)
npm http fetch GET 200 https://registry.npmjs.org/sort-object-keys 1051ms (cache revalidated)
npm http fetch GET 200 https://registry.npmjs.org/mimic-fn 29ms (cache revalidated)
npm http fetch GET 200 https://registry.npmjs.org/pump 96ms (cache revalidated)
npm http fetch GET 200 https://registry.npmjs.org/flatted 30ms (cache revalidated)
npm http fetch GET 200 https://registry.npmjs.org/p-locate 23ms (cache revalidated)
npm http fetch GET 200 https://registry.npmjs.org/pinkie 93ms (cache revalidated)
npm http fetch GET 200 https://registry.npmjs.org/wrappy 32ms (cache revalidated)
npm http fetch GET 200 https://registry.npmjs.org/path-type 25ms (cache revalidated)
npm http fetch GET 200 https://registry.npmjs.org/braces 24ms (cache revalidated)
npm http fetch GET 200 https://registry.npmjs.org/picomatch 33ms (cache revalidated)
npm http fetch GET 200 https://registry.npmjs.org/safer-buffer 37ms (cache revalidated)
npm http fetch GET 200 https://registry.npmjs.org/getpass 96ms (cache revalidated)
npm http fetch GET 200 https://registry.npmjs.org/jsbn 99ms (cache revalidated)
npm http fetch GET 200 https://registry.npmjs.org/extsprintf 100ms (cache revalidated)
npm http fetch GET 200 https://registry.npmjs.org/ecc-jsbn 98ms (cache revalidated)
npm http fetch GET 200 https://registry.npmjs.org/asn1 105ms (cache revalidated)
npm http fetch GET 200 https://registry.npmjs.org/json-schema 106ms (cache revalidated)
npm http fetch GET 200 https://registry.npmjs.org/bcrypt-pbkdf 106ms (cache revalidated)
npm http fetch GET 200 https://registry.npmjs.org/dashdash 107ms (cache revalidated)
npm http fetch GET 200 https://registry.npmjs.org/tweetnacl 115ms (cache revalidated)
npm http fetch GET 200 https://registry.npmjs.org/verror 926ms (cache revalidated)
npm http fetch GET 200 https://registry.npmjs.org/callsites 35ms (cache revalidated)
npm http fetch GET 200 https://registry.npmjs.org/regenerator-runtime 33ms (cache revalidated)
npm http fetch GET 200 https://registry.npmjs.org/ansi-escapes 27ms (cache revalidated)
npm http fetch GET 200 https://registry.npmjs.org/tslib 29ms (cache revalidated)
npm http fetch GET 200 https://registry.npmjs.org/astral-regex 101ms (cache revalidated)
npm http fetch GET 200 https://registry.npmjs.org/p-limit 26ms (cache revalidated)
npm http fetch GET 200 https://registry.npmjs.org/fill-range 22ms (cache revalidated)
npm http fetch GET 200 https://registry.npmjs.org/to-regex-range 28ms (cache revalidated)
npm http fetch GET 200 https://registry.npmjs.org/is-number 29ms (cache revalidated)
npm http fetch GET 200 https://registry.npmjs.org/balanced-match 27ms (cache revalidated)
npm http fetch GET 200 https://registry.npmjs.org/concat-map 28ms (cache revalidated)
npm http fetch GET 200 https://registry.npmjs.org/readdirp 29ms (cache revalidated)
npm http fetch GET 200 https://registry.npmjs.org/fsevents 30ms (cache revalidated)
npm http fetch GET 200 https://registry.npmjs.org/escalade 31ms (cache revalidated)
npm http fetch GET 200 https://registry.npmjs.org/randombytes 38ms (cache revalidated)
npm http fetch GET 200 https://registry.npmjs.org/is-binary-path 39ms (cache revalidated)
npm http fetch GET 200 https://registry.npmjs.org/camelcase 38ms (cache revalidated)
npm http fetch GET 200 https://registry.npmjs.org/anymatch 40ms (cache revalidated)
npm http fetch GET 200 https://registry.npmjs.org/flat 108ms (cache revalidated)
npm http fetch GET 200 https://registry.npmjs.org/binary-extensions 27ms (cache revalidated)
npm http fetch GET 200 https://registry.npmjs.org/easy-stack 958ms (cache revalidated)
npm http fetch GET 200 https://registry.npmjs.org/call-bind 36ms (cache revalidated)
npm http fetch GET 200 https://registry.npmjs.org/normalize-package-data 46ms (cache revalidated)
npm http fetch GET 200 https://registry.npmjs.org/load-json-file 98ms (cache revalidated)
npm http fetch GET 200 https://registry.npmjs.org/define-properties 97ms (cache revalidated)
npm http fetch GET 200 https://registry.npmjs.org/es-abstract 97ms (cache revalidated)
npm http fetch GET 200 https://registry.npmjs.org/nice-try 105ms (cache revalidated)
npm http fetch GET 200 https://registry.npmjs.org/yocto-queue 106ms (cache revalidated)
npm http fetch GET 200 https://registry.npmjs.org/indent-string 28ms (cache revalidated)
npm http fetch GET 200 https://registry.npmjs.org/clean-stack 32ms (cache revalidated)
npm http fetch GET 200 https://registry.npmjs.org/pause-stream 105ms (cache revalidated)
npm http fetch GET 200 https://registry.npmjs.org/duplexer 111ms (cache revalidated)
npm http fetch GET 200 https://registry.npmjs.org/map-stream 324ms (cache revalidated)
npm http fetch GET 200 https://registry.npmjs.org/from 939ms (cache revalidated)
npm http fetch GET 200 https://registry.npmjs.org/split 945ms (cache revalidated)
npm http fetch GET 200 https://registry.npmjs.org/stream-combiner 1051ms (cache revalidated)
npm http fetch GET 200 https://registry.npmjs.org/get-intrinsic 30ms (cache revalidated)
npm http fetch GET 200 https://registry.npmjs.org/object-inspect 31ms (cache revalidated)
npm http fetch GET 200 https://registry.npmjs.org/parse-json 28ms (cache revalidated)
npm http fetch GET 200 https://registry.npmjs.org/validate-npm-package-license 33ms (cache revalidated)
npm http fetch GET 200 https://registry.npmjs.org/resolve 34ms (cache revalidated)
npm http fetch GET 200 https://registry.npmjs.org/strip-bom 103ms (cache revalidated)
npm http fetch GET 200 https://registry.npmjs.org/error-ex 39ms (cache revalidated)
npm http fetch GET 200 https://registry.npmjs.org/json-parse-better-errors 101ms (cache revalidated)
npm http fetch GET 200 https://registry.npmjs.org/is-core-module 31ms (cache revalidated)
npm http fetch GET 200 https://registry.npmjs.org/supports-preserve-symlinks-flag 31ms (cache revalidated)
npm http fetch GET 200 https://registry.npmjs.org/spdx-expression-parse 31ms (cache revalidated)
npm http fetch GET 200 https://registry.npmjs.org/spdx-correct 34ms (cache revalidated)
npm http fetch GET 200 https://registry.npmjs.org/path-parse 39ms (cache revalidated)
npm http fetch GET 200 https://registry.npmjs.org/is-arrayish 25ms (cache revalidated)
npm http fetch GET 200 https://registry.npmjs.org/har-schema 90ms (cache revalidated)
npm http fetch GET 200 https://registry.npmjs.org/has 28ms (cache revalidated)
npm http fetch GET 200 https://registry.npmjs.org/function-bind 31ms (cache revalidated)
npm http fetch GET 200 https://registry.npmjs.org/mime 46ms (cache revalidated)
npm http fetch GET 200 https://registry.npmjs.org/http-proxy-agent 47ms (cache revalidated)
npm http fetch GET 200 https://registry.npmjs.org/npm 56ms (cache revalidated)
npm http fetch GET 200 https://registry.npmjs.org/registry-auth-token 108ms (cache revalidated)
npm http fetch GET 200 https://registry.npmjs.org/conventional-changelog-angular 116ms (cache revalidated)
npm http fetch GET 200 https://registry.npmjs.org/conventional-commits-filter 116ms (cache revalidated)
npm http fetch GET 200 https://registry.npmjs.org/nerf-dart 114ms (cache revalidated)
npm http fetch GET 200 https://registry.npmjs.org/url-join 116ms (cache revalidated)
npm http fetch GET 200 https://registry.npmjs.org/normalize-url 117ms (cache revalidated)
npm http fetch GET 200 https://registry.npmjs.org/into-stream 124ms (cache revalidated)
npm http fetch GET 200 https://registry.npmjs.org/import-from 130ms (cache revalidated)
npm http fetch GET 200 https://registry.npmjs.org/p-filter 129ms (cache revalidated)
npm http fetch GET 200 https://registry.npmjs.org/through2 128ms (cache revalidated)
npm http fetch GET 200 https://registry.npmjs.org/tempy 140ms (cache revalidated)
npm http fetch GET 200 https://registry.npmjs.org/semver-regex 188ms (cache revalidated)
npm http fetch GET 200 https://registry.npmjs.org/traverse 198ms (cache revalidated)
npm http fetch GET 200 https://registry.npmjs.org/spawn-error-forwarder 200ms (cache revalidated)
npm http fetch GET 200 https://registry.npmjs.org/rc 210ms (cache revalidated)
npm http fetch GET 200 https://registry.npmjs.org/cardinal 214ms (cache revalidated)
npm http fetch GET 200 https://registry.npmjs.org/split2 230ms (cache revalidated)
npm http fetch GET 200 https://registry.npmjs.org/node-emoji 230ms (cache revalidated)
npm http fetch GET 200 https://registry.npmjs.org/pkg-conf 295ms (cache revalidated)
npm http fetch GET 200 https://registry.npmjs.org/supports-hyperlinks 296ms (cache revalidated)
npm http fetch GET 200 https://registry.npmjs.org/@octokit%2fcore 622ms (cache revalidated)
npm http fetch GET 200 https://registry.npmjs.org/conventional-changelog-writer 946ms (cache revalidated)
npm http fetch GET 200 https://registry.npmjs.org/issue-parser 964ms (cache revalidated)
npm http fetch GET 200 https://registry.npmjs.org/argv-formatter 1021ms (cache revalidated)
npm http fetch GET 200 https://registry.npmjs.org/java-properties 1066ms (cache revalidated)
npm http fetch GET 200 https://registry.npmjs.org/conventional-commits-parser 1126ms (cache revalidated)
npm http fetch GET 200 https://registry.npmjs.org/stream-combiner2 1131ms (cache revalidated)
npm http fetch GET 200 https://registry.npmjs.org/@octokit%2fplugin-retry 2027ms (cache revalidated)
npm http fetch GET 200 https://registry.npmjs.org/@octokit%2fplugin-throttling 2035ms (cache revalidated)
npm http fetch GET 200 https://registry.npmjs.org/@octokit%2fplugin-paginate-rest 2211ms (cache revalidated)
npm http fetch GET 200 https://registry.npmjs.org/meow 95ms (cache revalidated)
npm http fetch GET 200 https://registry.npmjs.org/compare-func 102ms (cache revalidated)
npm http fetch GET 200 https://registry.npmjs.org/is-text-path 107ms (cache revalidated)
npm http fetch GET 200 https://registry.npmjs.org/modify-values 932ms (cache revalidated)
npm http fetch GET 200 https://registry.npmjs.org/JSONStream 941ms (cache revalidated)
npm http fetch GET 200 https://registry.npmjs.org/lodash.ismatch 951ms (cache revalidated)
npm http fetch GET 200 https://registry.npmjs.org/universal-user-agent 107ms (cache revalidated)
npm http fetch GET 200 https://registry.npmjs.org/before-after-hook 110ms (cache revalidated)
npm http fetch GET 200 https://registry.npmjs.org/lodash.isstring 213ms (cache revalidated)
npm http fetch GET 200 https://registry.npmjs.org/@octokit%2frequest-error 361ms (cache revalidated)
npm http fetch GET 200 https://registry.npmjs.org/@octokit%2fgraphql 409ms (cache revalidated)
npm http fetch GET 200 https://registry.npmjs.org/@octokit%2ftypes 517ms (cache revalidated)
npm http fetch GET 200 https://registry.npmjs.org/@octokit%2ftypes 525ms (cache revalidated)
npm http fetch GET 200 https://registry.npmjs.org/@octokit%2frequest 530ms (cache revalidated)
npm http fetch GET 200 https://registry.npmjs.org/@octokit%2ftypes 532ms (cache revalidated)
npm http fetch GET 200 https://registry.npmjs.org/@octokit%2frequest-error 732ms (cache revalidated)
npm http fetch GET 200 https://registry.npmjs.org/lodash.uniqby 944ms (cache revalidated)
npm http fetch GET 200 https://registry.npmjs.org/lodash.capitalize 948ms (cache revalidated)
npm http fetch GET 200 https://registry.npmjs.org/bottleneck 966ms (cache revalidated)
npm http fetch GET 200 https://registry.npmjs.org/lodash.escaperegexp 970ms (cache revalidated)
npm http fetch GET 200 https://registry.npmjs.org/@octokit%2ftsconfig 2019ms (cache revalidated)
npm http fetch GET 200 https://registry.npmjs.org/@octokit%2fauth-token 2048ms (cache revalidated)
npm http fetch GET 200 https://registry.npmjs.org/is-plain-object 39ms (cache revalidated)
npm http fetch GET 200 https://registry.npmjs.org/deprecation 98ms (cache revalidated)
npm http fetch GET 200 https://registry.npmjs.org/node-fetch 100ms (cache revalidated)
npm http fetch GET 200 https://registry.npmjs.org/@octokit%2fopenapi-types 346ms (cache revalidated)
npm http fetch GET 200 https://registry.npmjs.org/@octokit%2fendpoint 357ms (cache revalidated)
npm http fetch GET 200 https://registry.npmjs.org/whatwg-url 23ms (cache revalidated)
npm http fetch GET 200 https://registry.npmjs.org/unique-string 89ms (cache revalidated)
npm http fetch GET 200 https://registry.npmjs.org/temp-dir 98ms (cache revalidated)
npm http fetch GET 200 https://registry.npmjs.org/deep-extend 104ms (cache revalidated)
npm http fetch GET 200 https://registry.npmjs.org/@types%2fnormalize-package-data 190ms (cache revalidated)
npm http fetch GET 200 https://registry.npmjs.org/@pnpm%2fnpm-conf 496ms (cache revalidated)
npm http fetch GET 200 https://registry.npmjs.org/p-is-promise 92ms (cache revalidated)
npm http fetch GET 200 https://registry.npmjs.org/from2 93ms (cache revalidated)
npm http fetch GET 200 https://registry.npmjs.org/dateformat 94ms (cache revalidated)
npm http fetch GET 200 https://registry.npmjs.org/handlebars 97ms (cache revalidated)
npm http fetch GET 200 https://registry.npmjs.org/dot-prop 122ms (cache revalidated)
npm http fetch GET 200 https://registry.npmjs.org/array-ify 925ms (cache revalidated)
npm http fetch GET 200 https://registry.npmjs.org/is-obj 92ms (cache revalidated)
npm http fetch GET 200 https://registry.npmjs.org/uglify-js 35ms (cache revalidated)
npm http fetch GET 200 https://registry.npmjs.org/wordwrap 39ms (cache revalidated)
npm http fetch GET 200 https://registry.npmjs.org/neo-async 41ms (cache revalidated)
npm http fetch GET 200 https://registry.npmjs.org/source-map 43ms (cache revalidated)
npm http fetch GET 200 https://registry.npmjs.org/@types%2fminimist 60ms (cache revalidated)
npm http fetch GET 200 https://registry.npmjs.org/redent 98ms (cache revalidated)
npm http fetch GET 200 https://registry.npmjs.org/trim-newlines 108ms (cache revalidated)
npm http fetch GET 200 https://registry.npmjs.org/camelcase-keys 110ms (cache revalidated)
npm http fetch GET 200 https://registry.npmjs.org/minimist-options 110ms (cache revalidated)
npm http fetch GET 200 https://registry.npmjs.org/decamelize-keys 955ms (cache revalidated)
npm http fetch GET 200 https://registry.npmjs.org/hard-rejection 956ms (cache revalidated)
npm http fetch GET 200 https://registry.npmjs.org/jsonparse 29ms (cache revalidated)
npm http fetch GET 200 https://registry.npmjs.org/text-extensions 939ms (cache revalidated)
npm http fetch GET 200 https://registry.npmjs.org/json-parse-even-better-errors 29ms (cache revalidated)
npm http fetch GET 200 https://registry.npmjs.org/lines-and-columns 31ms (cache revalidated)
npm http fetch GET 200 https://registry.npmjs.org/@babel%2fcode-frame 36ms (cache revalidated)
npm http fetch GET 200 https://registry.npmjs.org/duplexer2 30ms (cache revalidated)
npm http fetch GET 200 https://registry.npmjs.org/ansicolors 100ms (cache revalidated)
npm http fetch GET 200 https://registry.npmjs.org/redeyed 954ms (cache revalidated)
npm http fetch GET 200 https://registry.npmjs.org/esprima 33ms (cache revalidated)
npm http fetch GET 200 https://registry.npmjs.org/kind-of 33ms (cache revalidated)
npm http fetch GET 200 https://registry.npmjs.org/map-obj 94ms (cache revalidated)
npm http fetch GET 200 https://registry.npmjs.org/strip-indent 97ms (cache revalidated)
npm http fetch GET 200 https://registry.npmjs.org/map-obj 100ms (cache revalidated)
npm http fetch GET 200 https://registry.npmjs.org/arrify 100ms (cache revalidated)
npm http fetch GET 200 https://registry.npmjs.org/quick-lru 105ms (cache revalidated)
npm http fetch GET 200 https://registry.npmjs.org/webidl-conversions 25ms (cache revalidated)
npm http fetch GET 200 https://registry.npmjs.org/tr46 25ms (cache revalidated)
npm http fetch GET 200 https://registry.npmjs.org/min-indent 100ms (cache revalidated)
npm http fetch GET 200 https://registry.npmjs.org/config-chain 88ms (cache revalidated)
npm http fetch GET 200 https://registry.npmjs.org/@pnpm%2fnetwork.ca-file 502ms (cache revalidated)
npm http fetch GET 200 https://registry.npmjs.org/@pnpm%2fconfig.env-replace 2044ms (cache revalidated)
npm http fetch GET 200 https://registry.npmjs.org/proto-list 104ms (cache revalidated)
npm http fetch GET 200 https://registry.npmjs.org/yallist 27ms (cache revalidated)
npm http fetch GET 200 https://registry.npmjs.org/on-headers 34ms (cache revalidated)
npm http fetch GET 200 https://registry.npmjs.org/require-from-string 39ms (cache revalidated)
npm http fetch GET 200 https://registry.npmjs.org/bytes 37ms (cache revalidated)
npm http fetch GET 200 https://registry.npmjs.org/vary 35ms (cache revalidated)
npm http fetch GET 200 https://registry.npmjs.org/is-wsl 39ms (cache revalidated)
npm http fetch GET 200 https://registry.npmjs.org/range-parser 38ms (cache revalidated)
npm http fetch GET 200 https://registry.npmjs.org/compressible 41ms (cache revalidated)
npm http fetch GET 200 https://registry.npmjs.org/content-disposition 42ms (cache revalidated)
npm http fetch GET 200 https://registry.npmjs.org/accepts 44ms (cache revalidated)
npm http fetch GET 200 https://registry.npmjs.org/path-to-regexp 45ms (cache revalidated)
npm http fetch GET 200 https://registry.npmjs.org/path-is-inside 96ms (cache revalidated)
npm http fetch GET 200 https://registry.npmjs.org/ansi-align 110ms (cache revalidated)
npm http fetch GET 200 https://registry.npmjs.org/widest-line 109ms (cache revalidated)
npm http fetch GET 200 https://registry.npmjs.org/cli-boxes 110ms (cache revalidated)
npm http fetch GET 200 https://registry.npmjs.org/fast-url-parser 115ms (cache revalidated)
npm http fetch GET 200 https://registry.npmjs.org/registry-url 122ms (cache revalidated)
npm http fetch GET 200 https://registry.npmjs.org/eastasianwidth 24ms (cache revalidated)
npm http fetch GET 200 https://registry.npmjs.org/is-docker 25ms (cache revalidated)
npm http fetch GET 200 https://registry.npmjs.org/negotiator 28ms (cache revalidated)
npm http fetch GET 200 https://registry.npmjs.org/has-proto 22ms (cache revalidated)
npm http fetch GET 200 https://registry.npmjs.org/has-symbols 36ms (cache revalidated)
npm http fetch GET 200 https://registry.npmjs.org/@types%2fglob 175ms (cache revalidated)
npm http fetch GET 200 https://registry.npmjs.org/joi 98ms (cache revalidated)
npm http fetch GET 200 https://registry.npmjs.org/axios 101ms (cache revalidated)
npm http fetch GET 200 https://registry.npmjs.org/is-array-buffer 105ms (cache revalidated)
npm http fetch GET 200 https://registry.npmjs.org/is-negative-zero 106ms (cache revalidated)
npm http fetch GET 200 https://registry.npmjs.org/function.prototype.name 112ms (cache revalidated)
npm http fetch GET 200 https://registry.npmjs.org/internal-slot 114ms (cache revalidated)
npm http fetch GET 200 https://registry.npmjs.org/available-typed-arrays 117ms (cache revalidated)
npm http fetch GET 200 https://registry.npmjs.org/gopd 115ms (cache revalidated)
npm http fetch GET 200 https://registry.npmjs.org/is-string 113ms (cache revalidated)
npm http fetch GET 200 https://registry.npmjs.org/array-buffer-byte-length 131ms (cache revalidated)
npm http fetch GET 200 https://registry.npmjs.org/is-weakref 124ms (cache revalidated)
npm http fetch GET 200 https://registry.npmjs.org/es-to-primitive 129ms (cache revalidated)
npm http fetch GET 200 https://registry.npmjs.org/is-callable 126ms (cache revalidated)
npm http fetch GET 200 https://registry.npmjs.org/is-regex 127ms (cache revalidated)
npm http fetch GET 200 https://registry.npmjs.org/globalthis 131ms (cache revalidated)
npm http fetch GET 200 https://registry.npmjs.org/object.assign 127ms (cache revalidated)
npm http fetch GET 200 https://registry.npmjs.org/regexp.prototype.flags 195ms (cache revalidated)
npm http fetch GET 200 https://registry.npmjs.org/unbox-primitive 193ms (cache revalidated)
npm http fetch GET 200 https://registry.npmjs.org/object-keys 207ms (cache revalidated)
npm http fetch GET 200 https://registry.npmjs.org/is-typed-array 201ms (cache revalidated)
npm http fetch GET 200 https://registry.npmjs.org/get-symbol-description 204ms (cache revalidated)
npm http fetch GET 200 https://registry.npmjs.org/is-shared-array-buffer 201ms (cache revalidated)
npm http fetch GET 200 https://registry.npmjs.org/string.prototype.trimstart 200ms (cache revalidated)
npm http fetch GET 200 https://registry.npmjs.org/safe-regex-test 202ms (cache revalidated)
npm http fetch GET 200 https://registry.npmjs.org/string.prototype.trimend 201ms (cache revalidated)
npm http fetch GET 200 https://registry.npmjs.org/typed-array-length 203ms (cache revalidated)
npm http fetch GET 200 https://registry.npmjs.org/es-set-tostringtag 216ms (cache revalidated)
npm http fetch GET 200 https://registry.npmjs.org/string.prototype.trim 211ms (cache revalidated)
npm http fetch GET 200 https://registry.npmjs.org/which-typed-array 210ms (cache revalidated)
npm http fetch GET 200 https://registry.npmjs.org/typed-array-byte-offset 226ms (cache revalidated)
npm http fetch GET 200 https://registry.npmjs.org/has-property-descriptors 448ms (cache revalidated)
npm http fetch GET 200 https://registry.npmjs.org/for-each 90ms (cache revalidated)
npm http fetch GET 200 https://registry.npmjs.org/functions-have-names 95ms (cache revalidated)
npm http fetch GET 200 https://registry.npmjs.org/functions-have-names 99ms (cache revalidated)
npm http fetch GET 200 https://registry.npmjs.org/is-symbol 100ms (cache revalidated)
npm http fetch GET 200 https://registry.npmjs.org/has-bigints 99ms (cache revalidated)
npm http fetch GET 200 https://registry.npmjs.org/which-boxed-primitive 100ms (cache revalidated)
npm http fetch GET 200 https://registry.npmjs.org/is-date-object 107ms (cache revalidated)
npm http fetch GET 200 https://registry.npmjs.org/has-tostringtag 938ms (cache revalidated)
npm http fetch GET 200 https://registry.npmjs.org/crypto-random-string 98ms (cache revalidated)
npm http fetch GET 200 https://registry.npmjs.org/is-boolean-object 98ms (cache revalidated)
npm http fetch GET 200 https://registry.npmjs.org/is-bigint 103ms (cache revalidated)
npm http fetch GET 200 https://registry.npmjs.org/is-number-object 107ms (cache revalidated)
npm http fetch GET 200 https://registry.npmjs.org/write-file-atomic 30ms (cache revalidated)
npm http fetch GET 200 https://registry.npmjs.org/package-json 103ms (cache revalidated)
npm http fetch GET 200 https://registry.npmjs.org/escape-goat 941ms (cache revalidated)
npm http fetch GET 200 https://registry.npmjs.org/typedarray-to-buffer 34ms (cache revalidated)
npm http fetch GET 200 https://registry.npmjs.org/got 105ms (cache revalidated)
npm http fetch GET 200 https://registry.npmjs.org/url-parse-lax 97ms (cache revalidated)
npm http fetch GET 200 https://registry.npmjs.org/p-cancelable 99ms (cache revalidated)
npm http fetch GET 200 https://registry.npmjs.org/lowercase-keys 102ms (cache revalidated)
npm http fetch GET 200 https://registry.npmjs.org/decompress-response 110ms (cache revalidated)
npm http fetch GET 200 https://registry.npmjs.org/mimic-response 111ms (cache revalidated)
npm http fetch GET 200 https://registry.npmjs.org/@sindresorhus%2fis 367ms (cache revalidated)
npm http fetch GET 200 https://registry.npmjs.org/@szmarczak%2fhttp-timer 529ms (cache revalidated)
npm http fetch GET 200 https://registry.npmjs.org/to-readable-stream 929ms (cache revalidated)
npm http fetch GET 200 https://registry.npmjs.org/duplexer3 946ms (cache revalidated)
npm http fetch GET 200 https://registry.npmjs.org/cacheable-request 969ms (cache revalidated)
npm http fetch GET 200 https://registry.npmjs.org/http-cache-semantics 44ms (cache revalidated)
npm http fetch GET 200 https://registry.npmjs.org/prepend-http 104ms (cache revalidated)
npm http fetch GET 200 https://registry.npmjs.org/responselike 105ms (cache revalidated)
npm http fetch GET 200 https://registry.npmjs.org/keyv 107ms (cache revalidated)
npm http fetch GET 200 https://registry.npmjs.org/clone-response 115ms (cache revalidated)
npm http fetch GET 200 https://registry.npmjs.org/defer-to-connect 117ms (cache revalidated)
npm http fetch GET 200 https://registry.npmjs.org/json-buffer 110ms (cache revalidated)
npm http fetch GET 200 https://registry.npmjs.org/spdx-exceptions 27ms (cache revalidated)
npm http fetch GET 200 https://registry.npmjs.org/spdx-license-ids 28ms (cache revalidated)
npm http fetch GET 200 https://registry.npmjs.org/follow-redirects 29ms (cache revalidated)
npm http fetch GET 200 https://registry.npmjs.org/@sideway%2fformula 352ms (cache revalidated)
npm http fetch GET 200 https://registry.npmjs.org/@sideway%2faddress 353ms (cache revalidated)
npm http fetch GET 200 https://registry.npmjs.org/@sideway%2fpinpoint 358ms (cache revalidated)
npm http fetch GET 200 https://registry.npmjs.org/@hapi%2fhoek 516ms (cache revalidated)
npm http fetch GET 200 https://registry.npmjs.org/@hapi%2ftopo 1061ms (cache revalidated)
npm http fetch GET 200 https://registry.npmjs.org/secure-keys 964ms (cache revalidated)
npm http fetch GET 200 https://registry.npmjs.org/pend 941ms (cache revalidated)
npm http fetch GET 200 https://registry.npmjs.org/crc32-stream 100ms (cache revalidated)
npm http fetch GET 200 https://registry.npmjs.org/crc-32 103ms (cache revalidated)
npm http fetch GET 200 https://registry.npmjs.org/@babel%2fhighlight 40ms (cache revalidated)
npm http fetch GET 200 https://registry.npmjs.org/js-tokens 30ms (cache revalidated)
npm http fetch GET 200 https://registry.npmjs.org/@babel%2fhelper-validator-identifier 39ms (cache revalidated)
npm http fetch GET 200 https://registry.npmjs.org/buffer-alloc-unsafe 94ms (cache revalidated)
npm http fetch GET 200 https://registry.npmjs.org/buffer-fill 104ms (cache revalidated)
npm http fetch GET 200 https://registry.npmjs.org/p-try 25ms (cache revalidated)
npm http fetch GET 200 https://registry.npmjs.org/@types%2fminimatch 171ms (cache revalidated)
npm http fetch POST 200 https://registry.npmjs.org/-/npm/v1/security/advisories/bulk 623ms
npm WARN deprecated har-validator@5.1.5: this library is no longer supported
npm WARN deprecated uuid@3.4.0: Please upgrade  to version 7 or higher.  Older versions may use Math.random() in certain circumstances, which is known to be problematic.  See https://v8.dev/blog/math-random for details.
npm WARN deprecated request@2.88.2: request has been deprecated, see https://github.com/request/request/issues/3142
npm info run cypress@12.10.0 postinstall node_modules/cypress node index.js --exec install
npm info run cypress@12.10.0 postinstall { code: 0, signal: null }

added 955 packages, and audited 1204 packages in 51s

199 packages are looking for funding
  run `npm fund` for details

9 moderate severity vulnerabilities

To address all issues (including breaking changes), run:
  npm audit fix --force

Run `npm audit` for details.
npm verb exit 0
npm info ok 
